Arguments: 
  C:\Program Files\nodejs\node.exe C:\Program Files (x86)\Yarn\bin\yarn.js init

PATH: 
  C:\ProgramData\Oracle\Java\javapath;C:\Python311\Scripts\;C:\Python311\;C:\Users\Laptop\AppData\Local\Programs\Python\Python310\;C:\Users\Laptop\AppData\Local\Programs\Python\Python310\Scripts\;C:\ProgramData\Anaconda3;C:\ProgramData\Anaconda3\Library\mingw-w64\bin;C:\ProgramData\Anaconda3\Library\usr\bin;C:\ProgramData\Anaconda3\Library\bin;C:\ProgramData\Anaconda3\Scripts;C:\Program Files (x86)\Common Files\Intel\Shared Files\cpp\bin\Intel64;C:\WINDOWS\system32;C:\WINDOWS;C:\WINDOWS\System32\Wbem;C:\WINDOWS\System32\WindowsPowerShell\v1.0\;C:\WINDOWS\System32\OpenSSH\;C:\xampp\php;C:\ProgramData\ComposerSetup\bin;C:\Program Files\Git\cmd;C:\ProgramData\chocolatey\bin;C:\Program Files\Java\jdk1.8.0_141\bin;C:\spark\spark\bin;C:\spark\hadoop\bin;C:\spark\scala\bin;C:\Program Files (x86)\Brackets\command;C:\Program Files\nodejs\;C:\Program Files (x86)\Yarn\bin\;C:\Users\Laptop\AppData\Local\Microsoft\WindowsApps;C:\Users\Laptop\AppData\Local\Programs\Python\Python310\;C:\Users\Laptop\AppData\Local\Programs\Python\Python310\Scripts\;C:\Users\Laptop\AppData\Local\Programs\Python\Launcher\;C:\Users\Laptop\AppData\Local\Programs\Microsoft VS Code\bin;C:\Users\Laptop\AppData\Roaming\Composer\vendor\bin;C:\bigdata\spark3\bin;C:\Users\Laptop\AppData\Roaming\npm;C:\Users\Laptop\AppData\Local\Yarn\bin

Yarn version: 
  1.22.19

Node version: 
  18.14.2

Platform: 
  win32 x64

Trace: 
  Error: canceled
      at Interface.<anonymous> (C:\Program Files (x86)\Yarn\lib\cli.js:137150:13)
      at Interface.emit (node:events:513:28)
      at [_ttyWrite] [as _ttyWrite] (node:internal/readline/interface:1130:18)
      at ReadStream.onkeypress (node:internal/readline/interface:270:20)
      at ReadStream.emit (node:events:513:28)
      at emitKeys (node:internal/readline/utils:357:14)
      at emitKeys.next (<anonymous>)
      at ReadStream.onData (node:internal/readline/emitKeypressEvents:64:36)
      at ReadStream.emit (node:events:513:28)
      at addChunk (node:internal/streams/readable:324:12)

npm manifest: 
  No manifest

yarn manifest: 
  No manifest

Lockfile: 
  No lockfile
